<?xml version="1.0" encoding="UTF-8"?>
<!-- Generated by org.testng.reporters.JUnitReportReporter -->
<testsuite skipped="0" hostname="LAPTOP-0PBP6KKJ" name="pages.XeroLogin" tests="1" failures="0" timestamp="2020-03-24T03:03:17 PDT" time="6.145" errors="0">
  <testcase name="loginToApplication" time="6.145" classname="pages.XeroLogin"/>
</testsuite> <!-- pages.XeroLogin -->
